<component name="libraryTable">
  <library name="junit">
    <CLASSES>
      <root url="jar://$PROJECT_DIR$/../../prebuilts/tools/common/m2/repository/junit/junit/4.12/junit-4.12.jar!/" />
    </CLASSES>
    <JAVADOC />
    <SOURCES>
      <root url="file://$PROJECT_DIR$/../../external/junit/src" />
    </SOURCES>
  </library>
</component>